<?xml version="1.0" encoding="UTF-8"?>
<!-- Generated by org.testng.reporters.JUnitXMLReporter -->
<testsuite ignored="0" hostname="josh-ThinkPad-L480" failures="0" tests="4" name="Test" time="0.607" errors="0" timestamp="2021-05-17T20:16:15 IST">
  <testcase classname="tests.Test1" name="test1" time="0.006"/>
  <testcase classname="tests.Test1" name="test1" time="0.002"/>
  <testcase classname="tests.Test1" name="test1" time="0.002"/>
  <testcase classname="tests.Test1" name="test1" time="0.002"/>
</testsuite> <!-- Test -->
