<?xml version="1.0" encoding="UTF-8"?>
<!-- Generated by org.testng.reporters.JUnitXMLReporter -->
<testsuite hostname="DESKTOP-K5LD16K" ignored="0" name="Test" tests="4" failures="0" timestamp="2020-04-21T18:10:54 IST" time="1.11" errors="0">
  <testcase name="test1" time="0.015" classname="tests.Test1"/>
  <testcase name="test1" time="0.002" classname="tests.Test1"/>
  <testcase name="test1" time="0.001" classname="tests.Test1"/>
  <testcase name="test1" time="0.004" classname="tests.Test1"/>
</testsuite> <!-- Test -->
