<?xml version="1.0" encoding="UTF-8"?>
<!-- Generated by org.testng.reporters.JUnitXMLReporter -->
<testsuite hostname="DESKTOP-K5LD16K" ignored="0" name="Default test" tests="4" failures="0" timestamp="2020-04-21T18:06:34 IST" time="3.926" errors="0">
  <testcase name="test1" time="0.019" classname="tests.Test1"/>
  <testcase name="test1" time="0.002" classname="tests.Test1"/>
  <testcase name="test1" time="0.002" classname="tests.Test1"/>
  <testcase name="test1" time="0.006" classname="tests.Test1"/>
</testsuite> <!-- Default test -->
